<?xml version="1.0" encoding="UTF-8"?>
<!-- Generated by org.testng.reporters.JUnitXMLReporter -->
<testsuite hostname="Amar" ignored="0" name="Test-2" tests="4" failures="0" timestamp="2022-04-08T12:23:42 IST" time="0.034" errors="0">
  <testcase name="a" time="0.003" classname="testNG.pac.Test2"/>
  <testcase name="b" time="0.001" classname="testNG.pac.Test2"/>
  <testcase name="c" time="0.001" classname="testNG.pac.Test2"/>
  <testcase name="d" time="0.001" classname="testNG.pac.Test2"/>
</testsuite> <!-- Test-2 -->
