<?xml version="1.0" encoding="UTF-8"?>
<!-- Generated by org.testng.reporters.JUnitXMLReporter -->
<testsuite hostname="Amar" ignored="0" name="Test-1" tests="2" failures="0" timestamp="2022-04-08T12:23:42 IST" time="0.158" errors="0">
  <testcase name="method1" time="0.026" classname="testNG.pac.Test1"/>
  <testcase name="method2" time="0.005" classname="testNG.pac.Test1"/>
</testsuite> <!-- Test-1 -->
