<?xml version="1.0" encoding="UTF-8"?>
<!-- Generated by org.testng.reporters.JUnitReportReporter -->
<testsuite skipped="0" hostname="Amar" name="com.VTiger.TC.TC003_ContactWithOrg" tests="1" failures="0" timestamp="2022-04-08T11:48:30 IST" time="73.050" errors="0">
  <testcase name="createcontactwithorg" time="73.050" classname="com.VTiger.TC.TC003_ContactWithOrg"/>
  <system-out/>
</testsuite> <!-- com.VTiger.TC.TC003_ContactWithOrg -->
