<?xml version="1.0" encoding="UTF-8"?>
<!-- Generated by org.testng.reporters.JUnitReportReporter -->
<testsuite skipped="0" hostname="Amar" name="com.VTiger.TC.TC003_ContactWithOrgTest" tests="2" failures="0" timestamp="2022-04-11T17:57:13 IST" time="81.976" errors="0">
  <testcase name="createcontactwithorgTest" time="45.185" classname="com.VTiger.TC.TC003_ContactWithOrgTest"/>
  <system-out/>
  <testcase name="createcontactTest" time="36.791" classname="com.VTiger.TC.TC003_ContactWithOrgTest"/>
  <system-out/>
</testsuite> <!-- com.VTiger.TC.TC003_ContactWithOrgTest -->
