<?xml version="1.0" encoding="UTF-8"?>
<!-- Generated by org.testng.reporters.JUnitReportReporter -->
<testsuite skipped="0" hostname="Amar" name="com.VTiger.TC.TC001_CreateOrgWithDDTest" tests="2" failures="0" timestamp="2022-04-11T17:57:13 IST" time="74.136" errors="0">
  <testcase name="createorgwithDDTest" time="38.454" classname="com.VTiger.TC.TC001_CreateOrgWithDDTest"/>
  <system-out/>
  <testcase name="deleteOrgTest" time="35.682" classname="com.VTiger.TC.TC001_CreateOrgWithDDTest"/>
  <system-out/>
</testsuite> <!-- com.VTiger.TC.TC001_CreateOrgWithDDTest -->
