<?xml version="1.0" encoding="UTF-8"?>
<!-- Generated by org.testng.reporters.JUnitReportReporter -->
<testsuite skipped="0" hostname="Amar" name="com.practice.Waits" tests="1" failures="0" timestamp="2022-04-06T16:41:47 IST" time="21.198" errors="0">
  <testcase name="waitstatements" time="21.198" classname="com.practice.Waits"/>
  <system-out/>
</testsuite> <!-- com.practice.Waits -->
