<?xml version="1.0" encoding="UTF-8"?>
<!-- Generated by org.testng.reporters.JUnitReportReporter -->
<testsuite skipped="0" hostname="Amar" name="com.VTiger.TC.TC001_CreateOrgWithDDTest" tests="1" failures="0" timestamp="2022-04-08T17:48:29 IST" time="39.001" errors="0">
  <testcase name="createorgwithDDTest" time="39.001" classname="com.VTiger.TC.TC001_CreateOrgWithDDTest"/>
  <system-out/>
</testsuite> <!-- com.VTiger.TC.TC001_CreateOrgWithDDTest -->
