<?xml version="1.0" encoding="UTF-8"?>
<!-- Generated by org.testng.reporters.JUnitReportReporter -->
<testsuite skipped="0" hostname="Amar" name="com.VTiger.TC.TC001_CreateOrg" tests="1" failures="0" timestamp="2022-04-07T13:17:52 IST" time="50.813" errors="0">
  <testcase name="createorg" time="50.813" classname="com.VTiger.TC.TC001_CreateOrg"/>
  <system-out/>
</testsuite> <!-- com.VTiger.TC.TC001_CreateOrg -->
