<?xml version="1.0" encoding="UTF-8"?>
<!-- Generated by org.testng.reporters.JUnitReportReporter -->
<testsuite skipped="0" hostname="Amar" name="com.VTiger.TC.TC003_ContactWithOrg" tests="1" failures="0" timestamp="2022-03-28T17:00:13 IST" time="92.999" errors="0">
  <testcase name="createcontactwithorg" time="92.999" classname="com.VTiger.TC.TC003_ContactWithOrg"/>
  <system-out/>
</testsuite> <!-- com.VTiger.TC.TC003_ContactWithOrg -->
