<?xml version="1.0" encoding="UTF-8"?>
<!-- Generated by org.testng.reporters.JUnitReportReporter -->
<testsuite skipped="0" hostname="Amar" name="com.VTiger.TC.TC002_CreateOrgTest" tests="1" failures="0" timestamp="2022-04-08T17:46:46 IST" time="35.034" errors="0">
  <testcase name="createorgTest" time="35.034" classname="com.VTiger.TC.TC002_CreateOrgTest"/>
  <system-out/>
</testsuite> <!-- com.VTiger.TC.TC002_CreateOrgTest -->
