<?xml version="1.0" encoding="UTF-8"?>
<!-- Generated by org.testng.reporters.JUnitReportReporter -->
<testsuite skipped="0" hostname="Amar" name="com.VTiger.TC.TC003_ContactWithOrgTest" tests="1" failures="0" timestamp="2022-04-08T17:46:46 IST" time="41.919" errors="0">
  <testcase name="createcontact" time="41.919" classname="com.VTiger.TC.TC003_ContactWithOrgTest"/>
  <system-out/>
</testsuite> <!-- com.VTiger.TC.TC003_ContactWithOrgTest -->
