<?xml version="1.0" encoding="UTF-8"?>
<!-- Generated by org.testng.reporters.JUnitReportReporter -->
<testsuite skipped="0" hostname="Amar" name="com.VTiger.TC.TC002_CreateOrg" tests="1" failures="0" timestamp="2022-04-08T11:48:30 IST" time="47.106" errors="0">
  <testcase name="createorg" time="47.106" classname="com.VTiger.TC.TC002_CreateOrg"/>
  <system-out/>
</testsuite> <!-- com.VTiger.TC.TC002_CreateOrg -->
