<?xml version="1.0" encoding="UTF-8"?>
<!-- Generated by org.testng.reporters.JUnitReportReporter -->
<testsuite skipped="0" hostname="Amar" name="com.practice.MMT" tests="3" failures="0" timestamp="2022-04-05T15:11:31 IST" time="0.071" errors="0">
  <testcase name="mmt" time="0.010" classname="com.practice.MMT"/>
  <system-out/>
  <testcase name="mmt" time="0.042" classname="com.practice.MMT"/>
  <system-out/>
  <testcase name="mmt" time="0.019" classname="com.practice.MMT"/>
  <system-out/>
</testsuite> <!-- com.practice.MMT -->
