<?xml version="1.0" encoding="UTF-8"?>
<!-- Generated by org.testng.reporters.JUnitReportReporter -->
<testsuite skipped="0" hostname="Amar" name="com.practice.DDTest" tests="1" failures="0" timestamp="2022-04-07T17:22:31 IST" time="26.334" errors="0">
  <testcase name="ddTest" time="26.334" classname="com.practice.DDTest"/>
  <system-out/>
</testsuite> <!-- com.practice.DDTest -->
