<?xml version="1.0" encoding="UTF-8"?>
<!-- Generated by org.testng.reporters.JUnitReportReporter -->
<testsuite skipped="0" hostname="Amar" name="testNG.pac.Annotation" tests="2" failures="0" timestamp="2022-04-08T12:08:48 IST" time="0.021" errors="0">
  <testcase name="method2" time="0.008" classname="testNG.pac.Annotation"/>
  <system-out/>
  <testcase name="method1" time="0.013" classname="testNG.pac.Annotation"/>
  <system-out/>
</testsuite> <!-- testNG.pac.Annotation -->
