<?xml version="1.0" encoding="UTF-8"?>
<!-- Generated by org.testng.reporters.JUnitReportReporter -->
<testsuite skipped="0" hostname="Amar" name="com.practice.FutureDate" tests="1" failures="0" timestamp="2022-04-05T15:45:07 IST" time="128.142" errors="0">
  <testcase name="futuredate" time="128.142" classname="com.practice.FutureDate"/>
  <system-out/>
</testsuite> <!-- com.practice.FutureDate -->
