<?xml version="1.0" encoding="UTF-8"?>
<!-- Generated by org.testng.reporters.JUnitReportReporter -->
<testsuite skipped="0" hostname="Amar" name="testNG.pac.Test1" tests="2" failures="0" timestamp="2022-04-08T12:23:42 IST" time="0.035" errors="0">
  <testcase name="method1" time="0.029" classname="testNG.pac.Test1"/>
  <system-out/>
  <testcase name="method2" time="0.006" classname="testNG.pac.Test1"/>
  <system-out/>
</testsuite> <!-- testNG.pac.Test1 -->
