<?xml version="1.0" encoding="UTF-8"?>
<!-- Generated by org.testng.reporters.JUnitReportReporter -->
<testsuite skipped="0" hostname="Amar" name="com.practice.Sample" tests="1" failures="0" timestamp="2022-03-28T17:32:09 IST" time="0.051" errors="0">
  <testcase name="launchbrowser" time="0.051" classname="com.practice.Sample"/>
  <system-out/>
</testsuite> <!-- com.practice.Sample -->
