<?xml version="1.0" encoding="UTF-8"?>
<!-- Generated by org.testng.reporters.JUnitReportReporter -->
<testsuite skipped="0" hostname="Amar" name="com.practice.Sample" tests="1" failures="0" timestamp="2022-03-30T17:12:00 IST" time="4.439" errors="0">
  <testcase name="launchbrowser" time="4.439" classname="com.practice.Sample"/>
  <system-out/>
</testsuite> <!-- com.practice.Sample -->
